  Application.cpp
C:\Personal\Coding\Cube-Example\FinalProject\FinalProject\Application.cpp(20,2): error C2065: 'ambientLight': undeclared identifier
C:\Personal\Coding\Cube-Example\FinalProject\FinalProject\Application.cpp(21,2): error C2065: 'directionalLight': undeclared identifier
C:\Personal\Coding\Cube-Example\FinalProject\FinalProject\Application.cpp(22,2): error C2065: 'directionalLight': undeclared identifier
C:\Personal\Coding\Cube-Example\FinalProject\FinalProject\Application.cpp(23,2): error C2065: 'pointLight': undeclared identifier
C:\Personal\Coding\Cube-Example\FinalProject\FinalProject\Application.cpp(24,2): error C2065: 'pointLight': undeclared identifier
C:\Personal\Coding\Cube-Example\FinalProject\FinalProject\Application.cpp(25,2): error C2065: 'pointLight': undeclared identifier
C:\Personal\Coding\Cube-Example\FinalProject\FinalProject\Application.cpp(26,2): error C2065: 'pointLight': undeclared identifier
C:\Personal\Coding\Cube-Example\FinalProject\FinalProject\Application.cpp(67,34): error C2065: 'ambientLight': undeclared identifier
C:\Personal\Coding\Cube-Example\FinalProject\FinalProject\Application.cpp(70,40): error C2065: 'directionalLight': undeclared identifier
C:\Personal\Coding\Cube-Example\FinalProject\FinalProject\Application.cpp(70,8): error C2660: 'Shader::setVec3': function does not take 1 arguments
C:\Personal\Coding\Cube-Example\FinalProject\FinalProject\Shader.h(18,7): message : see declaration of 'Shader::setVec3'
C:\Personal\Coding\Cube-Example\FinalProject\FinalProject\Application.cpp(70,8): message : while trying to match the argument list '(const char [19])'
C:\Personal\Coding\Cube-Example\FinalProject\FinalProject\Application.cpp(71,36): error C2065: 'directionalLight': undeclared identifier
C:\Personal\Coding\Cube-Example\FinalProject\FinalProject\Application.cpp(71,8): error C2660: 'Shader::setVec3': function does not take 1 arguments
C:\Personal\Coding\Cube-Example\FinalProject\FinalProject\Shader.h(18,7): message : see declaration of 'Shader::setVec3'
C:\Personal\Coding\Cube-Example\FinalProject\FinalProject\Application.cpp(71,8): message : while trying to match the argument list '(const char [15])'
C:\Personal\Coding\Cube-Example\FinalProject\FinalProject\Application.cpp(74,41): error C2065: 'pointLight': undeclared identifier
C:\Personal\Coding\Cube-Example\FinalProject\FinalProject\Application.cpp(74,8): error C2660: 'Shader::setVec3': function does not take 1 arguments
C:\Personal\Coding\Cube-Example\FinalProject\FinalProject\Shader.h(18,7): message : see declaration of 'Shader::setVec3'
C:\Personal\Coding\Cube-Example\FinalProject\FinalProject\Application.cpp(74,8): message : while trying to match the argument list '(const char [20])'
C:\Personal\Coding\Cube-Example\FinalProject\FinalProject\Application.cpp(75,38): error C2065: 'pointLight': undeclared identifier
C:\Personal\Coding\Cube-Example\FinalProject\FinalProject\Application.cpp(75,8): error C2660: 'Shader::setVec3': function does not take 1 arguments
C:\Personal\Coding\Cube-Example\FinalProject\FinalProject\Shader.h(18,7): message : see declaration of 'Shader::setVec3'
C:\Personal\Coding\Cube-Example\FinalProject\FinalProject\Application.cpp(75,8): message : while trying to match the argument list '(const char [17])'
C:\Personal\Coding\Cube-Example\FinalProject\FinalProject\Application.cpp(76,42): error C2065: 'pointLight': undeclared identifier
C:\Personal\Coding\Cube-Example\FinalProject\FinalProject\Application.cpp(76,8): error C2660: 'Shader::setFloat': function does not take 1 arguments
C:\Personal\Coding\Cube-Example\FinalProject\FinalProject\Shader.h(17,7): message : see declaration of 'Shader::setFloat'
C:\Personal\Coding\Cube-Example\FinalProject\FinalProject\Application.cpp(76,8): message : while trying to match the argument list '(const char [20])'
C:\Personal\Coding\Cube-Example\FinalProject\FinalProject\Application.cpp(77,39): error C2065: 'pointLight': undeclared identifier
C:\Personal\Coding\Cube-Example\FinalProject\FinalProject\Application.cpp(77,8): error C2660: 'Shader::setFloat': function does not take 1 arguments
C:\Personal\Coding\Cube-Example\FinalProject\FinalProject\Shader.h(17,7): message : see declaration of 'Shader::setFloat'
C:\Personal\Coding\Cube-Example\FinalProject\FinalProject\Application.cpp(77,8): message : while trying to match the argument list '(const char [17])'
C:\Personal\Coding\Cube-Example\FinalProject\FinalProject\Application.cpp(78,43): error C2065: 'pointLight': undeclared identifier
C:\Personal\Coding\Cube-Example\FinalProject\FinalProject\Application.cpp(78,8): error C2660: 'Shader::setFloat': function does not take 1 arguments
C:\Personal\Coding\Cube-Example\FinalProject\FinalProject\Shader.h(17,7): message : see declaration of 'Shader::setFloat'
C:\Personal\Coding\Cube-Example\FinalProject\FinalProject\Application.cpp(78,8): message : while trying to match the argument list '(const char [21])'
C:\Personal\Coding\Cube-Example\FinalProject\FinalProject\Application.cpp(180,16): warning C4244: 'initializing': conversion from 'double' to 'float', possible loss of data
C:\Personal\Coding\Cube-Example\FinalProject\FinalProject\Application.cpp(181,16): warning C4244: 'initializing': conversion from 'double' to 'float', possible loss of data
C:\Personal\Coding\Cube-Example\FinalProject\FinalProject\Application.cpp(292,43): warning C4244: 'argument': conversion from 'int' to 'float', possible loss of data
C:\Personal\Coding\Cube-Example\FinalProject\FinalProject\Application.cpp(292,32): warning C4244: 'argument': conversion from 'int' to 'float', possible loss of data
C:\Personal\Coding\Cube-Example\FinalProject\FinalProject\Application.cpp(292,21): warning C4244: 'argument': conversion from 'int' to 'float', possible loss of data
C:\Personal\Coding\Cube-Example\FinalProject\FinalProject\Application.cpp(303,35): warning C4244: 'argument': conversion from 'int' to 'float', possible loss of data
C:\Personal\Coding\Cube-Example\FinalProject\FinalProject\Application.cpp(303,29): warning C4244: 'argument': conversion from 'int' to 'float', possible loss of data
C:\Personal\Coding\Cube-Example\FinalProject\FinalProject\Application.cpp(303,23): warning C4244: 'argument': conversion from 'int' to 'float', possible loss of data
C:\Personal\Coding\Cube-Example\FinalProject\FinalProject\Application.cpp(312,33): warning C4244: 'argument': conversion from 'int' to 'float', possible loss of data
C:\Personal\Coding\Cube-Example\FinalProject\FinalProject\Application.cpp(312,27): warning C4244: 'argument': conversion from 'int' to 'float', possible loss of data
C:\Personal\Coding\Cube-Example\FinalProject\FinalProject\Application.cpp(312,21): warning C4244: 'argument': conversion from 'int' to 'float', possible loss of data
C:\Personal\Coding\Cube-Example\FinalProject\FinalProject\Application.cpp(319,33): warning C4244: 'argument': conversion from 'int' to 'float', possible loss of data
C:\Personal\Coding\Cube-Example\FinalProject\FinalProject\Application.cpp(319,27): warning C4244: 'argument': conversion from 'int' to 'float', possible loss of data
C:\Personal\Coding\Cube-Example\FinalProject\FinalProject\Application.cpp(319,21): warning C4244: 'argument': conversion from 'int' to 'float', possible loss of data
C:\Personal\Coding\Cube-Example\FinalProject\FinalProject\Application.cpp(328,35): warning C4244: 'argument': conversion from 'int' to 'float', possible loss of data
C:\Personal\Coding\Cube-Example\FinalProject\FinalProject\Application.cpp(328,29): warning C4244: 'argument': conversion from 'int' to 'float', possible loss of data
C:\Personal\Coding\Cube-Example\FinalProject\FinalProject\Application.cpp(328,23): warning C4244: 'argument': conversion from 'int' to 'float', possible loss of data
C:\Personal\Coding\Cube-Example\FinalProject\FinalProject\Application.cpp(339,35): warning C4244: 'argument': conversion from 'int' to 'float', possible loss of data
C:\Personal\Coding\Cube-Example\FinalProject\FinalProject\Application.cpp(339,29): warning C4244: 'argument': conversion from 'int' to 'float', possible loss of data
C:\Personal\Coding\Cube-Example\FinalProject\FinalProject\Application.cpp(339,23): warning C4244: 'argument': conversion from 'int' to 'float', possible loss of data
C:\Personal\Coding\Cube-Example\FinalProject\FinalProject\Application.cpp(348,33): warning C4244: 'argument': conversion from 'int' to 'float', possible loss of data
C:\Personal\Coding\Cube-Example\FinalProject\FinalProject\Application.cpp(348,27): warning C4244: 'argument': conversion from 'int' to 'float', possible loss of data
C:\Personal\Coding\Cube-Example\FinalProject\FinalProject\Application.cpp(348,21): warning C4244: 'argument': conversion from 'int' to 'float', possible loss of data
C:\Personal\Coding\Cube-Example\FinalProject\FinalProject\Application.cpp(355,33): warning C4244: 'argument': conversion from 'int' to 'float', possible loss of data
C:\Personal\Coding\Cube-Example\FinalProject\FinalProject\Application.cpp(355,27): warning C4244: 'argument': conversion from 'int' to 'float', possible loss of data
C:\Personal\Coding\Cube-Example\FinalProject\FinalProject\Application.cpp(355,21): warning C4244: 'argument': conversion from 'int' to 'float', possible loss of data
C:\Personal\Coding\Cube-Example\FinalProject\FinalProject\Application.cpp(362,33): warning C4244: 'argument': conversion from 'int' to 'float', possible loss of data
C:\Personal\Coding\Cube-Example\FinalProject\FinalProject\Application.cpp(362,27): warning C4244: 'argument': conversion from 'int' to 'float', possible loss of data
C:\Personal\Coding\Cube-Example\FinalProject\FinalProject\Application.cpp(362,21): warning C4244: 'argument': conversion from 'int' to 'float', possible loss of data
C:\Personal\Coding\Cube-Example\FinalProject\FinalProject\Application.cpp(368,76): warning C4244: 'argument': conversion from 'int' to 'float', possible loss of data
C:\Personal\Coding\Cube-Example\FinalProject\FinalProject\Application.cpp(368,57): warning C4244: 'argument': conversion from 'int' to 'float', possible loss of data
C:\Personal\Coding\Cube-Example\FinalProject\FinalProject\Application.cpp(368,37): warning C4244: 'argument': conversion from 'int' to 'float', possible loss of data
C:\Personal\Coding\Cube-Example\FinalProject\FinalProject\Application.cpp(370,76): warning C4244: 'argument': conversion from 'int' to 'float', possible loss of data
C:\Personal\Coding\Cube-Example\FinalProject\FinalProject\Application.cpp(370,57): warning C4244: 'argument': conversion from 'int' to 'float', possible loss of data
C:\Personal\Coding\Cube-Example\FinalProject\FinalProject\Application.cpp(370,37): warning C4244: 'argument': conversion from 'int' to 'float', possible loss of data
C:\Personal\Coding\Cube-Example\FinalProject\FinalProject\Application.cpp(372,76): warning C4244: 'argument': conversion from 'int' to 'float', possible loss of data
C:\Personal\Coding\Cube-Example\FinalProject\FinalProject\Application.cpp(372,57): warning C4244: 'argument': conversion from 'int' to 'float', possible loss of data
C:\Personal\Coding\Cube-Example\FinalProject\FinalProject\Application.cpp(372,37): warning C4244: 'argument': conversion from 'int' to 'float', possible loss of data
C:\Personal\Coding\Cube-Example\FinalProject\FinalProject\Application.cpp(374,76): warning C4244: 'argument': conversion from 'int' to 'float', possible loss of data
C:\Personal\Coding\Cube-Example\FinalProject\FinalProject\Application.cpp(374,57): warning C4244: 'argument': conversion from 'int' to 'float', possible loss of data
C:\Personal\Coding\Cube-Example\FinalProject\FinalProject\Application.cpp(374,37): warning C4244: 'argument': conversion from 'int' to 'float', possible loss of data
C:\Personal\Coding\Cube-Example\FinalProject\FinalProject\Application.cpp(376,76): warning C4244: 'argument': conversion from 'int' to 'float', possible loss of data
C:\Personal\Coding\Cube-Example\FinalProject\FinalProject\Application.cpp(376,57): warning C4244: 'argument': conversion from 'int' to 'float', possible loss of data
C:\Personal\Coding\Cube-Example\FinalProject\FinalProject\Application.cpp(376,37): warning C4244: 'argument': conversion from 'int' to 'float', possible loss of data
C:\Personal\Coding\Cube-Example\FinalProject\FinalProject\Application.cpp(378,76): warning C4244: 'argument': conversion from 'int' to 'float', possible loss of data
C:\Personal\Coding\Cube-Example\FinalProject\FinalProject\Application.cpp(378,57): warning C4244: 'argument': conversion from 'int' to 'float', possible loss of data
C:\Personal\Coding\Cube-Example\FinalProject\FinalProject\Application.cpp(378,37): warning C4244: 'argument': conversion from 'int' to 'float', possible loss of data
C:\Personal\Coding\Cube-Example\FinalProject\FinalProject\Application.cpp(380,76): warning C4244: 'argument': conversion from 'int' to 'float', possible loss of data
C:\Personal\Coding\Cube-Example\FinalProject\FinalProject\Application.cpp(380,57): warning C4244: 'argument': conversion from 'int' to 'float', possible loss of data
C:\Personal\Coding\Cube-Example\FinalProject\FinalProject\Application.cpp(380,37): warning C4244: 'argument': conversion from 'int' to 'float', possible loss of data
C:\Personal\Coding\Cube-Example\FinalProject\FinalProject\Application.cpp(382,76): warning C4244: 'argument': conversion from 'int' to 'float', possible loss of data
C:\Personal\Coding\Cube-Example\FinalProject\FinalProject\Application.cpp(382,57): warning C4244: 'argument': conversion from 'int' to 'float', possible loss of data
C:\Personal\Coding\Cube-Example\FinalProject\FinalProject\Application.cpp(382,37): warning C4244: 'argument': conversion from 'int' to 'float', possible loss of data
C:\Personal\Coding\Cube-Example\FinalProject\FinalProject\Application.cpp(384,76): warning C4244: 'argument': conversion from 'int' to 'float', possible loss of data
C:\Personal\Coding\Cube-Example\FinalProject\FinalProject\Application.cpp(384,57): warning C4244: 'argument': conversion from 'int' to 'float', possible loss of data
C:\Personal\Coding\Cube-Example\FinalProject\FinalProject\Application.cpp(384,37): warning C4244: 'argument': conversion from 'int' to 'float', possible loss of data
C:\Personal\Coding\Cube-Example\FinalProject\FinalProject\Application.cpp(386,77): warning C4244: 'argument': conversion from 'int' to 'float', possible loss of data
C:\Personal\Coding\Cube-Example\FinalProject\FinalProject\Application.cpp(386,57): warning C4244: 'argument': conversion from 'int' to 'float', possible loss of data
C:\Personal\Coding\Cube-Example\FinalProject\FinalProject\Application.cpp(386,37): warning C4244: 'argument': conversion from 'int' to 'float', possible loss of data
C:\Personal\Coding\Cube-Example\FinalProject\FinalProject\Application.cpp(388,77): warning C4244: 'argument': conversion from 'int' to 'float', possible loss of data
C:\Personal\Coding\Cube-Example\FinalProject\FinalProject\Application.cpp(388,57): warning C4244: 'argument': conversion from 'int' to 'float', possible loss of data
C:\Personal\Coding\Cube-Example\FinalProject\FinalProject\Application.cpp(388,37): warning C4244: 'argument': conversion from 'int' to 'float', possible loss of data
C:\Personal\Coding\Cube-Example\FinalProject\FinalProject\Application.cpp(390,77): warning C4244: 'argument': conversion from 'int' to 'float', possible loss of data
C:\Personal\Coding\Cube-Example\FinalProject\FinalProject\Application.cpp(390,57): warning C4244: 'argument': conversion from 'int' to 'float', possible loss of data
C:\Personal\Coding\Cube-Example\FinalProject\FinalProject\Application.cpp(390,37): warning C4244: 'argument': conversion from 'int' to 'float', possible loss of data
C:\Personal\Coding\Cube-Example\FinalProject\FinalProject\Application.cpp(392,77): warning C4244: 'argument': conversion from 'int' to 'float', possible loss of data
C:\Personal\Coding\Cube-Example\FinalProject\FinalProject\Application.cpp(392,57): warning C4244: 'argument': conversion from 'int' to 'float', possible loss of data
C:\Personal\Coding\Cube-Example\FinalProject\FinalProject\Application.cpp(392,37): warning C4244: 'argument': conversion from 'int' to 'float', possible loss of data
C:\Personal\Coding\Cube-Example\FinalProject\FinalProject\Application.cpp(394,77): warning C4244: 'argument': conversion from 'int' to 'float', possible loss of data
C:\Personal\Coding\Cube-Example\FinalProject\FinalProject\Application.cpp(394,57): warning C4244: 'argument': conversion from 'int' to 'float', possible loss of data
C:\Personal\Coding\Cube-Example\FinalProject\FinalProject\Application.cpp(394,37): warning C4244: 'argument': conversion from 'int' to 'float', possible loss of data
C:\Personal\Coding\Cube-Example\FinalProject\FinalProject\Application.cpp(396,77): warning C4244: 'argument': conversion from 'int' to 'float', possible loss of data
C:\Personal\Coding\Cube-Example\FinalProject\FinalProject\Application.cpp(396,57): warning C4244: 'argument': conversion from 'int' to 'float', possible loss of data
C:\Personal\Coding\Cube-Example\FinalProject\FinalProject\Application.cpp(396,37): warning C4244: 'argument': conversion from 'int' to 'float', possible loss of data
C:\Personal\Coding\Cube-Example\FinalProject\FinalProject\Application.cpp(398,77): warning C4244: 'argument': conversion from 'int' to 'float', possible loss of data
C:\Personal\Coding\Cube-Example\FinalProject\FinalProject\Application.cpp(398,57): warning C4244: 'argument': conversion from 'int' to 'float', possible loss of data
C:\Personal\Coding\Cube-Example\FinalProject\FinalProject\Application.cpp(398,37): warning C4244: 'argument': conversion from 'int' to 'float', possible loss of data
C:\Personal\Coding\Cube-Example\FinalProject\FinalProject\Application.cpp(400,77): warning C4244: 'argument': conversion from 'int' to 'float', possible loss of data
C:\Personal\Coding\Cube-Example\FinalProject\FinalProject\Application.cpp(400,57): warning C4244: 'argument': conversion from 'int' to 'float', possible loss of data
C:\Personal\Coding\Cube-Example\FinalProject\FinalProject\Application.cpp(400,37): warning C4244: 'argument': conversion from 'int' to 'float', possible loss of data
C:\Personal\Coding\Cube-Example\FinalProject\FinalProject\Application.cpp(402,77): warning C4244: 'argument': conversion from 'int' to 'float', possible loss of data
C:\Personal\Coding\Cube-Example\FinalProject\FinalProject\Application.cpp(402,57): warning C4244: 'argument': conversion from 'int' to 'float', possible loss of data
C:\Personal\Coding\Cube-Example\FinalProject\FinalProject\Application.cpp(402,37): warning C4244: 'argument': conversion from 'int' to 'float', possible loss of data
C:\Personal\Coding\Cube-Example\FinalProject\FinalProject\Application.cpp(404,77): warning C4244: 'argument': conversion from 'int' to 'float', possible loss of data
C:\Personal\Coding\Cube-Example\FinalProject\FinalProject\Application.cpp(404,57): warning C4244: 'argument': conversion from 'int' to 'float', possible loss of data
C:\Personal\Coding\Cube-Example\FinalProject\FinalProject\Application.cpp(404,37): warning C4244: 'argument': conversion from 'int' to 'float', possible loss of data
C:\Personal\Coding\Cube-Example\FinalProject\FinalProject\Application.cpp(406,77): warning C4244: 'argument': conversion from 'int' to 'float', possible loss of data
C:\Personal\Coding\Cube-Example\FinalProject\FinalProject\Application.cpp(406,57): warning C4244: 'argument': conversion from 'int' to 'float', possible loss of data
C:\Personal\Coding\Cube-Example\FinalProject\FinalProject\Application.cpp(406,37): warning C4244: 'argument': conversion from 'int' to 'float', possible loss of data
C:\Personal\Coding\Cube-Example\FinalProject\FinalProject\Application.cpp(408,77): warning C4244: 'argument': conversion from 'int' to 'float', possible loss of data
C:\Personal\Coding\Cube-Example\FinalProject\FinalProject\Application.cpp(408,57): warning C4244: 'argument': conversion from 'int' to 'float', possible loss of data
C:\Personal\Coding\Cube-Example\FinalProject\FinalProject\Application.cpp(408,37): warning C4244: 'argument': conversion from 'int' to 'float', possible loss of data
C:\Personal\Coding\Cube-Example\FinalProject\FinalProject\Application.cpp(410,77): warning C4244: 'argument': conversion from 'int' to 'float', possible loss of data
C:\Personal\Coding\Cube-Example\FinalProject\FinalProject\Application.cpp(410,57): warning C4244: 'argument': conversion from 'int' to 'float', possible loss of data
C:\Personal\Coding\Cube-Example\FinalProject\FinalProject\Application.cpp(410,37): warning C4244: 'argument': conversion from 'int' to 'float', possible loss of data
C:\Personal\Coding\Cube-Example\FinalProject\FinalProject\Application.cpp(412,76): warning C4244: 'argument': conversion from 'int' to 'float', possible loss of data
C:\Personal\Coding\Cube-Example\FinalProject\FinalProject\Application.cpp(412,57): warning C4244: 'argument': conversion from 'int' to 'float', possible loss of data
C:\Personal\Coding\Cube-Example\FinalProject\FinalProject\Application.cpp(412,37): warning C4244: 'argument': conversion from 'int' to 'float', possible loss of data
C:\Personal\Coding\Cube-Example\FinalProject\FinalProject\Application.cpp(424,35): warning C4244: 'argument': conversion from 'int' to 'float', possible loss of data
C:\Personal\Coding\Cube-Example\FinalProject\FinalProject\Application.cpp(424,29): warning C4244: 'argument': conversion from 'int' to 'float', possible loss of data
C:\Personal\Coding\Cube-Example\FinalProject\FinalProject\Application.cpp(424,23): warning C4244: 'argument': conversion from 'int' to 'float', possible loss of data
C:\Personal\Coding\Cube-Example\FinalProject\FinalProject\Application.cpp(438,35): warning C4244: 'argument': conversion from 'int' to 'float', possible loss of data
C:\Personal\Coding\Cube-Example\FinalProject\FinalProject\Application.cpp(438,29): warning C4244: 'argument': conversion from 'int' to 'float', possible loss of data
C:\Personal\Coding\Cube-Example\FinalProject\FinalProject\Application.cpp(438,23): warning C4244: 'argument': conversion from 'int' to 'float', possible loss of data
C:\Personal\Coding\Cube-Example\FinalProject\FinalProject\Application.cpp(449,35): warning C4244: 'argument': conversion from 'int' to 'float', possible loss of data
C:\Personal\Coding\Cube-Example\FinalProject\FinalProject\Application.cpp(449,29): warning C4244: 'argument': conversion from 'int' to 'float', possible loss of data
C:\Personal\Coding\Cube-Example\FinalProject\FinalProject\Application.cpp(449,23): warning C4244: 'argument': conversion from 'int' to 'float', possible loss of data
C:\Personal\Coding\Cube-Example\FinalProject\FinalProject\Application.cpp(460,35): warning C4244: 'argument': conversion from 'int' to 'float', possible loss of data
C:\Personal\Coding\Cube-Example\FinalProject\FinalProject\Application.cpp(460,29): warning C4244: 'argument': conversion from 'int' to 'float', possible loss of data
C:\Personal\Coding\Cube-Example\FinalProject\FinalProject\Application.cpp(460,23): warning C4244: 'argument': conversion from 'int' to 'float', possible loss of data
C:\Personal\Coding\Cube-Example\FinalProject\FinalProject\Application.cpp(471,35): warning C4244: 'argument': conversion from 'int' to 'float', possible loss of data
C:\Personal\Coding\Cube-Example\FinalProject\FinalProject\Application.cpp(471,29): warning C4244: 'argument': conversion from 'int' to 'float', possible loss of data
C:\Personal\Coding\Cube-Example\FinalProject\FinalProject\Application.cpp(471,23): warning C4244: 'argument': conversion from 'int' to 'float', possible loss of data
C:\Personal\Coding\Cube-Example\FinalProject\FinalProject\Application.cpp(482,35): warning C4244: 'argument': conversion from 'int' to 'float', possible loss of data
C:\Personal\Coding\Cube-Example\FinalProject\FinalProject\Application.cpp(482,29): warning C4244: 'argument': conversion from 'int' to 'float', possible loss of data
C:\Personal\Coding\Cube-Example\FinalProject\FinalProject\Application.cpp(482,23): warning C4244: 'argument': conversion from 'int' to 'float', possible loss of data
C:\Personal\Coding\Cube-Example\FinalProject\FinalProject\Application.cpp(495,35): warning C4244: 'argument': conversion from 'int' to 'float', possible loss of data
C:\Personal\Coding\Cube-Example\FinalProject\FinalProject\Application.cpp(495,29): warning C4244: 'argument': conversion from 'int' to 'float', possible loss of data
C:\Personal\Coding\Cube-Example\FinalProject\FinalProject\Application.cpp(495,23): warning C4244: 'argument': conversion from 'int' to 'float', possible loss of data
C:\Personal\Coding\Cube-Example\FinalProject\FinalProject\Application.cpp(507,36): warning C4244: 'argument': conversion from 'int' to 'float', possible loss of data
C:\Personal\Coding\Cube-Example\FinalProject\FinalProject\Application.cpp(507,30): warning C4244: 'argument': conversion from 'int' to 'float', possible loss of data
C:\Personal\Coding\Cube-Example\FinalProject\FinalProject\Application.cpp(507,24): warning C4244: 'argument': conversion from 'int' to 'float', possible loss of data
C:\Personal\Coding\Cube-Example\FinalProject\FinalProject\Application.cpp(519,35): warning C4244: 'argument': conversion from 'int' to 'float', possible loss of data
C:\Personal\Coding\Cube-Example\FinalProject\FinalProject\Application.cpp(519,29): warning C4244: 'argument': conversion from 'int' to 'float', possible loss of data
C:\Personal\Coding\Cube-Example\FinalProject\FinalProject\Application.cpp(519,23): warning C4244: 'argument': conversion from 'int' to 'float', possible loss of data
C:\Personal\Coding\Cube-Example\FinalProject\FinalProject\Application.cpp(532,35): warning C4244: 'argument': conversion from 'int' to 'float', possible loss of data
C:\Personal\Coding\Cube-Example\FinalProject\FinalProject\Application.cpp(532,29): warning C4244: 'argument': conversion from 'int' to 'float', possible loss of data
C:\Personal\Coding\Cube-Example\FinalProject\FinalProject\Application.cpp(532,23): warning C4244: 'argument': conversion from 'int' to 'float', possible loss of data
C:\Personal\Coding\Cube-Example\FinalProject\FinalProject\Application.cpp(542,37): warning C4244: 'argument': conversion from 'int' to 'float', possible loss of data
C:\Personal\Coding\Cube-Example\FinalProject\FinalProject\Application.cpp(542,31): warning C4244: 'argument': conversion from 'int' to 'float', possible loss of data
C:\Personal\Coding\Cube-Example\FinalProject\FinalProject\Application.cpp(542,25): warning C4244: 'argument': conversion from 'int' to 'float', possible loss of data
C:\Personal\Coding\Cube-Example\FinalProject\FinalProject\Application.cpp(552,35): warning C4244: 'argument': conversion from 'int' to 'float', possible loss of data
C:\Personal\Coding\Cube-Example\FinalProject\FinalProject\Application.cpp(552,29): warning C4244: 'argument': conversion from 'int' to 'float', possible loss of data
C:\Personal\Coding\Cube-Example\FinalProject\FinalProject\Application.cpp(552,23): warning C4244: 'argument': conversion from 'int' to 'float', possible loss of data
C:\Personal\Coding\Cube-Example\FinalProject\FinalProject\Application.cpp(560,34): warning C4244: 'argument': conversion from 'int' to 'float', possible loss of data
C:\Personal\Coding\Cube-Example\FinalProject\FinalProject\Application.cpp(560,28): warning C4244: 'argument': conversion from 'int' to 'float', possible loss of data
C:\Personal\Coding\Cube-Example\FinalProject\FinalProject\Application.cpp(560,22): warning C4244: 'argument': conversion from 'int' to 'float', possible loss of data
C:\Personal\Coding\Cube-Example\FinalProject\FinalProject\Application.cpp(567,34): warning C4244: 'argument': conversion from 'int' to 'float', possible loss of data
C:\Personal\Coding\Cube-Example\FinalProject\FinalProject\Application.cpp(567,28): warning C4244: 'argument': conversion from 'int' to 'float', possible loss of data
C:\Personal\Coding\Cube-Example\FinalProject\FinalProject\Application.cpp(567,22): warning C4244: 'argument': conversion from 'int' to 'float', possible loss of data
C:\Personal\Coding\Cube-Example\FinalProject\FinalProject\Application.cpp(574,34): warning C4244: 'argument': conversion from 'int' to 'float', possible loss of data
C:\Personal\Coding\Cube-Example\FinalProject\FinalProject\Application.cpp(574,28): warning C4244: 'argument': conversion from 'int' to 'float', possible loss of data
C:\Personal\Coding\Cube-Example\FinalProject\FinalProject\Application.cpp(574,22): warning C4244: 'argument': conversion from 'int' to 'float', possible loss of data
C:\Personal\Coding\Cube-Example\FinalProject\FinalProject\Application.cpp(581,34): warning C4244: 'argument': conversion from 'int' to 'float', possible loss of data
C:\Personal\Coding\Cube-Example\FinalProject\FinalProject\Application.cpp(581,28): warning C4244: 'argument': conversion from 'int' to 'float', possible loss of data
C:\Personal\Coding\Cube-Example\FinalProject\FinalProject\Application.cpp(581,22): warning C4244: 'argument': conversion from 'int' to 'float', possible loss of data
C:\Personal\Coding\Cube-Example\FinalProject\FinalProject\Application.cpp(588,34): warning C4244: 'argument': conversion from 'int' to 'float', possible loss of data
C:\Personal\Coding\Cube-Example\FinalProject\FinalProject\Application.cpp(588,28): warning C4244: 'argument': conversion from 'int' to 'float', possible loss of data
C:\Personal\Coding\Cube-Example\FinalProject\FinalProject\Application.cpp(588,22): warning C4244: 'argument': conversion from 'int' to 'float', possible loss of data
C:\Personal\Coding\Cube-Example\FinalProject\FinalProject\Application.cpp(595,34): warning C4244: 'argument': conversion from 'int' to 'float', possible loss of data
C:\Personal\Coding\Cube-Example\FinalProject\FinalProject\Application.cpp(595,28): warning C4244: 'argument': conversion from 'int' to 'float', possible loss of data
C:\Personal\Coding\Cube-Example\FinalProject\FinalProject\Application.cpp(595,22): warning C4244: 'argument': conversion from 'int' to 'float', possible loss of data
C:\Personal\Coding\Cube-Example\FinalProject\FinalProject\Application.cpp(603,35): warning C4244: 'argument': conversion from 'int' to 'float', possible loss of data
C:\Personal\Coding\Cube-Example\FinalProject\FinalProject\Application.cpp(603,29): warning C4244: 'argument': conversion from 'int' to 'float', possible loss of data
C:\Personal\Coding\Cube-Example\FinalProject\FinalProject\Application.cpp(603,23): warning C4244: 'argument': conversion from 'int' to 'float', possible loss of data
C:\Personal\Coding\Cube-Example\FinalProject\FinalProject\Application.cpp(612,35): warning C4244: 'argument': conversion from 'int' to 'float', possible loss of data
C:\Personal\Coding\Cube-Example\FinalProject\FinalProject\Application.cpp(612,29): warning C4244: 'argument': conversion from 'int' to 'float', possible loss of data
C:\Personal\Coding\Cube-Example\FinalProject\FinalProject\Application.cpp(612,23): warning C4244: 'argument': conversion from 'int' to 'float', possible loss of data
C:\Personal\Coding\Cube-Example\FinalProject\FinalProject\Application.cpp(622,35): warning C4244: 'argument': conversion from 'int' to 'float', possible loss of data
C:\Personal\Coding\Cube-Example\FinalProject\FinalProject\Application.cpp(622,29): warning C4244: 'argument': conversion from 'int' to 'float', possible loss of data
C:\Personal\Coding\Cube-Example\FinalProject\FinalProject\Application.cpp(622,23): warning C4244: 'argument': conversion from 'int' to 'float', possible loss of data
C:\Personal\Coding\Cube-Example\FinalProject\FinalProject\Application.cpp(631,35): warning C4244: 'argument': conversion from 'int' to 'float', possible loss of data
C:\Personal\Coding\Cube-Example\FinalProject\FinalProject\Application.cpp(631,29): warning C4244: 'argument': conversion from 'int' to 'float', possible loss of data
C:\Personal\Coding\Cube-Example\FinalProject\FinalProject\Application.cpp(631,23): warning C4244: 'argument': conversion from 'int' to 'float', possible loss of data
C:\Personal\Coding\Cube-Example\FinalProject\FinalProject\Application.cpp(640,35): warning C4244: 'argument': conversion from 'int' to 'float', possible loss of data
C:\Personal\Coding\Cube-Example\FinalProject\FinalProject\Application.cpp(640,29): warning C4244: 'argument': conversion from 'int' to 'float', possible loss of data
C:\Personal\Coding\Cube-Example\FinalProject\FinalProject\Application.cpp(640,23): warning C4244: 'argument': conversion from 'int' to 'float', possible loss of data
C:\Personal\Coding\Cube-Example\FinalProject\FinalProject\Application.cpp(649,35): warning C4244: 'argument': conversion from 'int' to 'float', possible loss of data
C:\Personal\Coding\Cube-Example\FinalProject\FinalProject\Application.cpp(649,29): warning C4244: 'argument': conversion from 'int' to 'float', possible loss of data
C:\Personal\Coding\Cube-Example\FinalProject\FinalProject\Application.cpp(649,23): warning C4244: 'argument': conversion from 'int' to 'float', possible loss of data
C:\Personal\Coding\Cube-Example\FinalProject\FinalProject\Application.cpp(659,35): warning C4244: 'argument': conversion from 'int' to 'float', possible loss of data
C:\Personal\Coding\Cube-Example\FinalProject\FinalProject\Application.cpp(659,29): warning C4244: 'argument': conversion from 'int' to 'float', possible loss of data
C:\Personal\Coding\Cube-Example\FinalProject\FinalProject\Application.cpp(659,23): warning C4244: 'argument': conversion from 'int' to 'float', possible loss of data
C:\Personal\Coding\Cube-Example\FinalProject\FinalProject\Application.cpp(668,35): warning C4244: 'argument': conversion from 'int' to 'float', possible loss of data
C:\Personal\Coding\Cube-Example\FinalProject\FinalProject\Application.cpp(668,29): warning C4244: 'argument': conversion from 'int' to 'float', possible loss of data
C:\Personal\Coding\Cube-Example\FinalProject\FinalProject\Application.cpp(668,23): warning C4244: 'argument': conversion from 'int' to 'float', possible loss of data
C:\Personal\Coding\Cube-Example\FinalProject\FinalProject\Application.cpp(677,35): warning C4244: 'argument': conversion from 'int' to 'float', possible loss of data
C:\Personal\Coding\Cube-Example\FinalProject\FinalProject\Application.cpp(677,29): warning C4244: 'argument': conversion from 'int' to 'float', possible loss of data
C:\Personal\Coding\Cube-Example\FinalProject\FinalProject\Application.cpp(677,23): warning C4244: 'argument': conversion from 'int' to 'float', possible loss of data
C:\Personal\Coding\Cube-Example\FinalProject\FinalProject\Application.cpp(686,35): warning C4244: 'argument': conversion from 'int' to 'float', possible loss of data
C:\Personal\Coding\Cube-Example\FinalProject\FinalProject\Application.cpp(686,29): warning C4244: 'argument': conversion from 'int' to 'float', possible loss of data
C:\Personal\Coding\Cube-Example\FinalProject\FinalProject\Application.cpp(686,23): warning C4244: 'argument': conversion from 'int' to 'float', possible loss of data
C:\Personal\Coding\Cube-Example\FinalProject\FinalProject\Application.cpp(699,36): warning C4244: 'argument': conversion from 'int' to 'float', possible loss of data
C:\Personal\Coding\Cube-Example\FinalProject\FinalProject\Application.cpp(699,30): warning C4244: 'argument': conversion from 'int' to 'float', possible loss of data
C:\Personal\Coding\Cube-Example\FinalProject\FinalProject\Application.cpp(699,24): warning C4244: 'argument': conversion from 'int' to 'float', possible loss of data
C:\Personal\Coding\Cube-Example\FinalProject\FinalProject\Application.cpp(710,36): warning C4244: 'argument': conversion from 'int' to 'float', possible loss of data
C:\Personal\Coding\Cube-Example\FinalProject\FinalProject\Application.cpp(710,30): warning C4244: 'argument': conversion from 'int' to 'float', possible loss of data
C:\Personal\Coding\Cube-Example\FinalProject\FinalProject\Application.cpp(710,24): warning C4244: 'argument': conversion from 'int' to 'float', possible loss of data
C:\Personal\Coding\Cube-Example\FinalProject\FinalProject\Application.cpp(721,36): warning C4244: 'argument': conversion from 'int' to 'float', possible loss of data
C:\Personal\Coding\Cube-Example\FinalProject\FinalProject\Application.cpp(721,30): warning C4244: 'argument': conversion from 'int' to 'float', possible loss of data
C:\Personal\Coding\Cube-Example\FinalProject\FinalProject\Application.cpp(721,24): warning C4244: 'argument': conversion from 'int' to 'float', possible loss of data
C:\Personal\Coding\Cube-Example\FinalProject\FinalProject\Application.cpp(732,36): warning C4244: 'argument': conversion from 'int' to 'float', possible loss of data
C:\Personal\Coding\Cube-Example\FinalProject\FinalProject\Application.cpp(732,30): warning C4244: 'argument': conversion from 'int' to 'float', possible loss of data
C:\Personal\Coding\Cube-Example\FinalProject\FinalProject\Application.cpp(732,24): warning C4244: 'argument': conversion from 'int' to 'float', possible loss of data
C:\Personal\Coding\Cube-Example\FinalProject\FinalProject\Application.cpp(745,36): warning C4244: 'argument': conversion from 'int' to 'float', possible loss of data
C:\Personal\Coding\Cube-Example\FinalProject\FinalProject\Application.cpp(745,30): warning C4244: 'argument': conversion from 'int' to 'float', possible loss of data
C:\Personal\Coding\Cube-Example\FinalProject\FinalProject\Application.cpp(745,24): warning C4244: 'argument': conversion from 'int' to 'float', possible loss of data
C:\Personal\Coding\Cube-Example\FinalProject\FinalProject\Application.cpp(756,36): warning C4244: 'argument': conversion from 'int' to 'float', possible loss of data
C:\Personal\Coding\Cube-Example\FinalProject\FinalProject\Application.cpp(756,30): warning C4244: 'argument': conversion from 'int' to 'float', possible loss of data
C:\Personal\Coding\Cube-Example\FinalProject\FinalProject\Application.cpp(756,24): warning C4244: 'argument': conversion from 'int' to 'float', possible loss of data
C:\Personal\Coding\Cube-Example\FinalProject\FinalProject\Application.cpp(767,36): warning C4244: 'argument': conversion from 'int' to 'float', possible loss of data
C:\Personal\Coding\Cube-Example\FinalProject\FinalProject\Application.cpp(767,30): warning C4244: 'argument': conversion from 'int' to 'float', possible loss of data
C:\Personal\Coding\Cube-Example\FinalProject\FinalProject\Application.cpp(767,24): warning C4244: 'argument': conversion from 'int' to 'float', possible loss of data
C:\Personal\Coding\Cube-Example\FinalProject\FinalProject\Application.cpp(778,36): warning C4244: 'argument': conversion from 'int' to 'float', possible loss of data
C:\Personal\Coding\Cube-Example\FinalProject\FinalProject\Application.cpp(778,30): warning C4244: 'argument': conversion from 'int' to 'float', possible loss of data
C:\Personal\Coding\Cube-Example\FinalProject\FinalProject\Application.cpp(778,24): warning C4244: 'argument': conversion from 'int' to 'float', possible loss of data
C:\Personal\Coding\Cube-Example\FinalProject\FinalProject\Application.cpp(791,35): warning C4244: 'argument': conversion from 'int' to 'float', possible loss of data
C:\Personal\Coding\Cube-Example\FinalProject\FinalProject\Application.cpp(791,29): warning C4244: 'argument': conversion from 'int' to 'float', possible loss of data
C:\Personal\Coding\Cube-Example\FinalProject\FinalProject\Application.cpp(791,23): warning C4244: 'argument': conversion from 'int' to 'float', possible loss of data
C:\Personal\Coding\Cube-Example\FinalProject\FinalProject\Application.cpp(804,36): warning C4244: 'argument': conversion from 'int' to 'float', possible loss of data
C:\Personal\Coding\Cube-Example\FinalProject\FinalProject\Application.cpp(804,30): warning C4244: 'argument': conversion from 'int' to 'float', possible loss of data
C:\Personal\Coding\Cube-Example\FinalProject\FinalProject\Application.cpp(804,24): warning C4244: 'argument': conversion from 'int' to 'float', possible loss of data
C:\Personal\Coding\Cube-Example\FinalProject\FinalProject\Application.cpp(818,36): warning C4244: 'argument': conversion from 'int' to 'float', possible loss of data
C:\Personal\Coding\Cube-Example\FinalProject\FinalProject\Application.cpp(818,30): warning C4244: 'argument': conversion from 'int' to 'float', possible loss of data
C:\Personal\Coding\Cube-Example\FinalProject\FinalProject\Application.cpp(818,24): warning C4244: 'argument': conversion from 'int' to 'float', possible loss of data
C:\Personal\Coding\Cube-Example\FinalProject\FinalProject\Application.cpp(831,34): warning C4244: 'argument': conversion from 'int' to 'float', possible loss of data
C:\Personal\Coding\Cube-Example\FinalProject\FinalProject\Application.cpp(831,28): warning C4244: 'argument': conversion from 'int' to 'float', possible loss of data
C:\Personal\Coding\Cube-Example\FinalProject\FinalProject\Application.cpp(831,22): warning C4244: 'argument': conversion from 'int' to 'float', possible loss of data
C:\Personal\Coding\Cube-Example\FinalProject\FinalProject\Application.cpp(840,34): warning C4244: 'argument': conversion from 'int' to 'float', possible loss of data
C:\Personal\Coding\Cube-Example\FinalProject\FinalProject\Application.cpp(840,28): warning C4244: 'argument': conversion from 'int' to 'float', possible loss of data
C:\Personal\Coding\Cube-Example\FinalProject\FinalProject\Application.cpp(840,22): warning C4244: 'argument': conversion from 'int' to 'float', possible loss of data
C:\Personal\Coding\Cube-Example\FinalProject\FinalProject\Application.cpp(849,34): warning C4244: 'argument': conversion from 'int' to 'float', possible loss of data
C:\Personal\Coding\Cube-Example\FinalProject\FinalProject\Application.cpp(849,28): warning C4244: 'argument': conversion from 'int' to 'float', possible loss of data
C:\Personal\Coding\Cube-Example\FinalProject\FinalProject\Application.cpp(849,22): warning C4244: 'argument': conversion from 'int' to 'float', possible loss of data
C:\Personal\Coding\Cube-Example\FinalProject\FinalProject\Application.cpp(858,34): warning C4244: 'argument': conversion from 'int' to 'float', possible loss of data
C:\Personal\Coding\Cube-Example\FinalProject\FinalProject\Application.cpp(858,28): warning C4244: 'argument': conversion from 'int' to 'float', possible loss of data
C:\Personal\Coding\Cube-Example\FinalProject\FinalProject\Application.cpp(858,22): warning C4244: 'argument': conversion from 'int' to 'float', possible loss of data
C:\Personal\Coding\Cube-Example\FinalProject\FinalProject\Application.cpp(868,35): warning C4244: 'argument': conversion from 'int' to 'float', possible loss of data
C:\Personal\Coding\Cube-Example\FinalProject\FinalProject\Application.cpp(868,29): warning C4244: 'argument': conversion from 'int' to 'float', possible loss of data
C:\Personal\Coding\Cube-Example\FinalProject\FinalProject\Application.cpp(868,23): warning C4244: 'argument': conversion from 'int' to 'float', possible loss of data
C:\Personal\Coding\Cube-Example\FinalProject\FinalProject\Application.cpp(879,35): warning C4244: 'argument': conversion from 'int' to 'float', possible loss of data
C:\Personal\Coding\Cube-Example\FinalProject\FinalProject\Application.cpp(879,29): warning C4244: 'argument': conversion from 'int' to 'float', possible loss of data
C:\Personal\Coding\Cube-Example\FinalProject\FinalProject\Application.cpp(879,23): warning C4244: 'argument': conversion from 'int' to 'float', possible loss of data
C:\Personal\Coding\Cube-Example\FinalProject\FinalProject\Application.cpp(890,35): warning C4244: 'argument': conversion from 'int' to 'float', possible loss of data
C:\Personal\Coding\Cube-Example\FinalProject\FinalProject\Application.cpp(890,29): warning C4244: 'argument': conversion from 'int' to 'float', possible loss of data
C:\Personal\Coding\Cube-Example\FinalProject\FinalProject\Application.cpp(890,23): warning C4244: 'argument': conversion from 'int' to 'float', possible loss of data
C:\Personal\Coding\Cube-Example\FinalProject\FinalProject\Application.cpp(901,35): warning C4244: 'argument': conversion from 'int' to 'float', possible loss of data
C:\Personal\Coding\Cube-Example\FinalProject\FinalProject\Application.cpp(901,29): warning C4244: 'argument': conversion from 'int' to 'float', possible loss of data
C:\Personal\Coding\Cube-Example\FinalProject\FinalProject\Application.cpp(901,23): warning C4244: 'argument': conversion from 'int' to 'float', possible loss of data
C:\Personal\Coding\Cube-Example\FinalProject\FinalProject\Application.cpp(912,34): warning C4244: 'argument': conversion from 'int' to 'float', possible loss of data
C:\Personal\Coding\Cube-Example\FinalProject\FinalProject\Application.cpp(912,28): warning C4244: 'argument': conversion from 'int' to 'float', possible loss of data
C:\Personal\Coding\Cube-Example\FinalProject\FinalProject\Application.cpp(912,22): warning C4244: 'argument': conversion from 'int' to 'float', possible loss of data
C:\Personal\Coding\Cube-Example\FinalProject\FinalProject\Application.cpp(921,34): warning C4244: 'argument': conversion from 'int' to 'float', possible loss of data
C:\Personal\Coding\Cube-Example\FinalProject\FinalProject\Application.cpp(921,28): warning C4244: 'argument': conversion from 'int' to 'float', possible loss of data
C:\Personal\Coding\Cube-Example\FinalProject\FinalProject\Application.cpp(921,22): warning C4244: 'argument': conversion from 'int' to 'float', possible loss of data
C:\Personal\Coding\Cube-Example\FinalProject\FinalProject\Application.cpp(930,34): warning C4244: 'argument': conversion from 'int' to 'float', possible loss of data
C:\Personal\Coding\Cube-Example\FinalProject\FinalProject\Application.cpp(930,28): warning C4244: 'argument': conversion from 'int' to 'float', possible loss of data
C:\Personal\Coding\Cube-Example\FinalProject\FinalProject\Application.cpp(930,22): warning C4244: 'argument': conversion from 'int' to 'float', possible loss of data
C:\Personal\Coding\Cube-Example\FinalProject\FinalProject\Application.cpp(939,34): warning C4244: 'argument': conversion from 'int' to 'float', possible loss of data
C:\Personal\Coding\Cube-Example\FinalProject\FinalProject\Application.cpp(939,28): warning C4244: 'argument': conversion from 'int' to 'float', possible loss of data
C:\Personal\Coding\Cube-Example\FinalProject\FinalProject\Application.cpp(939,22): warning C4244: 'argument': conversion from 'int' to 'float', possible loss of data
C:\Personal\Coding\Cube-Example\FinalProject\FinalProject\Application.cpp(948,34): warning C4244: 'argument': conversion from 'int' to 'float', possible loss of data
C:\Personal\Coding\Cube-Example\FinalProject\FinalProject\Application.cpp(948,28): warning C4244: 'argument': conversion from 'int' to 'float', possible loss of data
C:\Personal\Coding\Cube-Example\FinalProject\FinalProject\Application.cpp(948,22): warning C4244: 'argument': conversion from 'int' to 'float', possible loss of data
C:\Personal\Coding\Cube-Example\FinalProject\FinalProject\Application.cpp(957,32): warning C4244: 'argument': conversion from 'int' to 'float', possible loss of data
C:\Personal\Coding\Cube-Example\FinalProject\FinalProject\Application.cpp(957,22): warning C4244: 'argument': conversion from 'int' to 'float', possible loss of data
C:\Personal\Coding\Cube-Example\FinalProject\FinalProject\Application.cpp(967,35): warning C4244: 'argument': conversion from 'int' to 'float', possible loss of data
C:\Personal\Coding\Cube-Example\FinalProject\FinalProject\Application.cpp(967,29): warning C4244: 'argument': conversion from 'int' to 'float', possible loss of data
C:\Personal\Coding\Cube-Example\FinalProject\FinalProject\Application.cpp(967,23): warning C4244: 'argument': conversion from 'int' to 'float', possible loss of data
C:\Personal\Coding\Cube-Example\FinalProject\FinalProject\Application.cpp(978,35): warning C4244: 'argument': conversion from 'int' to 'float', possible loss of data
C:\Personal\Coding\Cube-Example\FinalProject\FinalProject\Application.cpp(978,29): warning C4244: 'argument': conversion from 'int' to 'float', possible loss of data
C:\Personal\Coding\Cube-Example\FinalProject\FinalProject\Application.cpp(978,23): warning C4244: 'argument': conversion from 'int' to 'float', possible loss of data
C:\Personal\Coding\Cube-Example\FinalProject\FinalProject\Application.cpp(989,35): warning C4244: 'argument': conversion from 'int' to 'float', possible loss of data
C:\Personal\Coding\Cube-Example\FinalProject\FinalProject\Application.cpp(989,29): warning C4244: 'argument': conversion from 'int' to 'float', possible loss of data
C:\Personal\Coding\Cube-Example\FinalProject\FinalProject\Application.cpp(989,23): warning C4244: 'argument': conversion from 'int' to 'float', possible loss of data
C:\Personal\Coding\Cube-Example\FinalProject\FinalProject\Application.cpp(1000,35): warning C4244: 'argument': conversion from 'int' to 'float', possible loss of data
C:\Personal\Coding\Cube-Example\FinalProject\FinalProject\Application.cpp(1000,29): warning C4244: 'argument': conversion from 'int' to 'float', possible loss of data
C:\Personal\Coding\Cube-Example\FinalProject\FinalProject\Application.cpp(1000,23): warning C4244: 'argument': conversion from 'int' to 'float', possible loss of data
C:\Personal\Coding\Cube-Example\FinalProject\FinalProject\Application.cpp(1011,34): warning C4244: 'argument': conversion from 'int' to 'float', possible loss of data
C:\Personal\Coding\Cube-Example\FinalProject\FinalProject\Application.cpp(1011,28): warning C4244: 'argument': conversion from 'int' to 'float', possible loss of data
C:\Personal\Coding\Cube-Example\FinalProject\FinalProject\Application.cpp(1011,22): warning C4244: 'argument': conversion from 'int' to 'float', possible loss of data
C:\Personal\Coding\Cube-Example\FinalProject\FinalProject\Application.cpp(1021,35): warning C4244: 'argument': conversion from 'int' to 'float', possible loss of data
C:\Personal\Coding\Cube-Example\FinalProject\FinalProject\Application.cpp(1021,29): warning C4244: 'argument': conversion from 'int' to 'float', possible loss of data
C:\Personal\Coding\Cube-Example\FinalProject\FinalProject\Application.cpp(1021,23): warning C4244: 'argument': conversion from 'int' to 'float', possible loss of data
C:\Personal\Coding\Cube-Example\FinalProject\FinalProject\Application.cpp(1032,35): warning C4244: 'argument': conversion from 'int' to 'float', possible loss of data
C:\Personal\Coding\Cube-Example\FinalProject\FinalProject\Application.cpp(1032,29): warning C4244: 'argument': conversion from 'int' to 'float', possible loss of data
C:\Personal\Coding\Cube-Example\FinalProject\FinalProject\Application.cpp(1032,23): warning C4244: 'argument': conversion from 'int' to 'float', possible loss of data
C:\Personal\Coding\Cube-Example\FinalProject\FinalProject\Application.cpp(1043,35): warning C4244: 'argument': conversion from 'int' to 'float', possible loss of data
C:\Personal\Coding\Cube-Example\FinalProject\FinalProject\Application.cpp(1043,29): warning C4244: 'argument': conversion from 'int' to 'float', possible loss of data
C:\Personal\Coding\Cube-Example\FinalProject\FinalProject\Application.cpp(1043,23): warning C4244: 'argument': conversion from 'int' to 'float', possible loss of data
C:\Personal\Coding\Cube-Example\FinalProject\FinalProject\Application.cpp(1054,35): warning C4244: 'argument': conversion from 'int' to 'float', possible loss of data
C:\Personal\Coding\Cube-Example\FinalProject\FinalProject\Application.cpp(1054,29): warning C4244: 'argument': conversion from 'int' to 'float', possible loss of data
C:\Personal\Coding\Cube-Example\FinalProject\FinalProject\Application.cpp(1054,23): warning C4244: 'argument': conversion from 'int' to 'float', possible loss of data
C:\Personal\Coding\Cube-Example\FinalProject\FinalProject\Application.cpp(1065,35): warning C4244: 'argument': conversion from 'int' to 'float', possible loss of data
C:\Personal\Coding\Cube-Example\FinalProject\FinalProject\Application.cpp(1065,29): warning C4244: 'argument': conversion from 'int' to 'float', possible loss of data
C:\Personal\Coding\Cube-Example\FinalProject\FinalProject\Application.cpp(1065,23): warning C4244: 'argument': conversion from 'int' to 'float', possible loss of data
C:\Personal\Coding\Cube-Example\FinalProject\FinalProject\Application.cpp(1076,35): warning C4244: 'argument': conversion from 'int' to 'float', possible loss of data
C:\Personal\Coding\Cube-Example\FinalProject\FinalProject\Application.cpp(1076,29): warning C4244: 'argument': conversion from 'int' to 'float', possible loss of data
C:\Personal\Coding\Cube-Example\FinalProject\FinalProject\Application.cpp(1076,23): warning C4244: 'argument': conversion from 'int' to 'float', possible loss of data
C:\Personal\Coding\Cube-Example\FinalProject\FinalProject\Application.cpp(1087,35): warning C4244: 'argument': conversion from 'int' to 'float', possible loss of data
C:\Personal\Coding\Cube-Example\FinalProject\FinalProject\Application.cpp(1087,29): warning C4244: 'argument': conversion from 'int' to 'float', possible loss of data
C:\Personal\Coding\Cube-Example\FinalProject\FinalProject\Application.cpp(1087,23): warning C4244: 'argument': conversion from 'int' to 'float', possible loss of data
C:\Personal\Coding\Cube-Example\FinalProject\FinalProject\Application.cpp(1098,35): warning C4244: 'argument': conversion from 'int' to 'float', possible loss of data
C:\Personal\Coding\Cube-Example\FinalProject\FinalProject\Application.cpp(1098,29): warning C4244: 'argument': conversion from 'int' to 'float', possible loss of data
C:\Personal\Coding\Cube-Example\FinalProject\FinalProject\Application.cpp(1098,23): warning C4244: 'argument': conversion from 'int' to 'float', possible loss of data
